<?xml version="1.0" encoding="UTF-8"?>
<testng-results ignored="0" total="1" passed="1" failed="0" skipped="0">
  <reporter-output>
  </reporter-output>
  <suite started-at="2023-06-03T17:57:03 IST" name="Suite" finished-at="2023-06-03T17:57:15 IST" duration-ms="12513">
    <groups>
    </groups>
    <test started-at="2023-06-03T17:57:03 IST" name="Test" finished-at="2023-06-03T17:57:15 IST" duration-ms="12513">
      <class name="com.base.Base">
        <test-method is-config="true" signature="beforeSuite()[pri:0, instance:com.base.Base@7133da86]" started-at="2023-06-03T17:57:02 IST" name="beforeSuite" finished-at="2023-06-03T17:57:03 IST" duration-ms="362" status="PASS">
          <reporter-output>
          </reporter-output>
        </test-method> <!-- beforeSuite -->
        <test-method is-config="true" signature="initialization()[pri:0, instance:com.base.Base@7133da86]" started-at="2023-06-03T17:57:03 IST" name="initialization" finished-at="2023-06-03T17:57:14 IST" duration-ms="11416" status="PASS">
          <reporter-output>
          </reporter-output>
        </test-method> <!-- initialization -->
        <test-method signature="sampleTest()[pri:0, instance:com.base.Base@7133da86]" started-at="2023-06-03T17:57:14 IST" name="sampleTest" finished-at="2023-06-03T17:57:14 IST" duration-ms="313" status="PASS">
          <reporter-output>
          </reporter-output>
        </test-method> <!-- sampleTest -->
        <test-method is-config="true" signature="closeBrowser()[pri:0, instance:com.base.Base@7133da86]" started-at="2023-06-03T17:57:14 IST" name="closeBrowser" finished-at="2023-06-03T17:57:15 IST" duration-ms="752" status="PASS">
          <reporter-output>
          </reporter-output>
        </test-method> <!-- closeBrowser -->
        <test-method is-config="true" signature="afterSuite()[pri:0, instance:com.base.Base@7133da86]" started-at="2023-06-03T17:57:15 IST" name="afterSuite" finished-at="2023-06-03T17:57:16 IST" duration-ms="335" status="PASS">
          <reporter-output>
          </reporter-output>
        </test-method> <!-- afterSuite -->
      </class> <!-- com.base.Base -->
    </test> <!-- Test -->
  </suite> <!-- Suite -->
</testng-results>
