<?xml version="1.0" encoding="UTF-8"?>
<testng-results ignored="0" total="1" passed="1" failed="0" skipped="0">
  <reporter-output>
  </reporter-output>
  <suite started-at="2023-06-04T17:24:17 IST" name="Suite" finished-at="2023-06-04T17:24:32 IST" duration-ms="15464">
    <groups>
    </groups>
    <test started-at="2023-06-04T17:24:17 IST" name="Test" finished-at="2023-06-04T17:24:32 IST" duration-ms="15464">
      <class name="com.base.Base">
        <test-method is-config="true" signature="beforeSuite()[pri:0, instance:com.base.Base@3232a28a]" started-at="2023-06-04T17:24:16 IST" name="beforeSuite" finished-at="2023-06-04T17:24:17 IST" duration-ms="533" status="PASS">
          <reporter-output>
          </reporter-output>
        </test-method> <!-- beforeSuite -->
        <test-method is-config="true" signature="initialization()[pri:0, instance:com.base.Base@3232a28a]" started-at="2023-06-04T17:24:17 IST" name="initialization" finished-at="2023-06-04T17:24:25 IST" duration-ms="8371" status="PASS">
          <reporter-output>
          </reporter-output>
        </test-method> <!-- initialization -->
        <test-method signature="sampleTest()[pri:0, instance:com.base.Base@3232a28a]" started-at="2023-06-04T17:24:25 IST" name="sampleTest" finished-at="2023-06-04T17:24:31 IST" duration-ms="6168" status="PASS">
          <reporter-output>
          </reporter-output>
        </test-method> <!-- sampleTest -->
        <test-method is-config="true" signature="closeBrowser()[pri:0, instance:com.base.Base@3232a28a]" started-at="2023-06-04T17:24:31 IST" name="closeBrowser" finished-at="2023-06-04T17:24:32 IST" duration-ms="879" status="PASS">
          <reporter-output>
          </reporter-output>
        </test-method> <!-- closeBrowser -->
        <test-method is-config="true" signature="afterSuite()[pri:0, instance:com.base.Base@3232a28a]" started-at="2023-06-04T17:24:32 IST" name="afterSuite" finished-at="2023-06-04T17:24:33 IST" duration-ms="735" status="PASS">
          <reporter-output>
          </reporter-output>
        </test-method> <!-- afterSuite -->
      </class> <!-- com.base.Base -->
    </test> <!-- Test -->
  </suite> <!-- Suite -->
</testng-results>
